\BOOKMARK [1][-]{section.1}{\376\377\230\171\166\356\151\202\217\360}{}% 1
\BOOKMARK [1][-]{section.2}{\376\377\230\171\166\356\200\314\146\157}{}% 2
\BOOKMARK [2][-]{subsection.2.1}{\376\377\135\114\121\145\137\017\144\315\117\134\174\373\176\337}{section.2}% 3
\BOOKMARK [3][-]{subsubsection.2.1.1}{\376\377\151\202\217\360}{subsection.2.1}% 4
\BOOKMARK [3][-]{subsubsection.2.1.2}{\376\377\134\017\176\323}{subsection.2.1}% 5
\BOOKMARK [2][-]{subsection.2.2}{\376\377\227\136\206\132\142\337\145\207\116\366\174\373\176\337}{section.2}% 6
\BOOKMARK [3][-]{subsubsection.2.2.1}{\376\377\151\202\217\360}{subsection.2.2}% 7
\BOOKMARK [3][-]{subsubsection.2.2.2}{\376\377\134\017\176\323}{subsection.2.2}% 8
\BOOKMARK [2][-]{subsection.2.3}{\376\377\206\132\142\337\145\207\116\366\174\373\176\337\000\040\000-\000\040\000L\000i\000n\000u\000x}{section.2}% 9
\BOOKMARK [3][-]{subsubsection.2.3.1}{\376\377\151\202\217\360}{subsection.2.3}% 10
\BOOKMARK [3][-]{subsubsection.2.3.2}{\376\377\134\017\176\323}{subsection.2.3}% 11
\BOOKMARK [2][-]{subsection.2.4}{\376\377\206\132\142\337\145\207\116\366\174\373\176\337\000\040\000-\000\040\135\114\121\145\137\017}{section.2}% 12
\BOOKMARK [3][-]{subsubsection.2.4.1}{\376\377\151\202\217\360}{subsection.2.4}% 13
\BOOKMARK [3][-]{subsubsection.2.4.2}{\376\377\000F\000r\000e\000e\000R\000T\000O\000S\000-\000P\000l\000u\000s\040\024\000F\000A\000T}{subsection.2.4}% 14
\BOOKMARK [3][-]{subsubsection.2.4.3}{\376\377\000R\000T\000-\000T\000h\000r\000e\000a\000d}{subsection.2.4}% 15
\BOOKMARK [3][-]{subsubsection.2.4.4}{\376\377\134\017\176\323}{subsection.2.4}% 16
\BOOKMARK [2][-]{subsection.2.5}{\376\377\145\207\116\366\174\373\176\337\137\000\123\321}{section.2}% 17
\BOOKMARK [3][-]{subsubsection.2.5.1}{\376\377\151\202\217\360}{subsection.2.5}% 18
\BOOKMARK [3][-]{subsubsection.2.5.2}{\376\377\134\017\176\323}{subsection.2.5}% 19
\BOOKMARK [1][-]{section.3}{\376\377\172\313\230\171\117\235\143\156}{}% 20
\BOOKMARK [1][-]{section.4}{\376\377\122\115\167\273\140\047\000/\221\315\211\201\140\047\122\006\147\220}{}% 21
\BOOKMARK [2][-]{subsection.4.1}{\376\377\000.\000.\000.}{section.4}% 22
\BOOKMARK [1][-]{section.5}{\376\377\166\370\121\163\135\345\117\134}{}% 23
\BOOKMARK [2][-]{subsection.5.1}{\376\377\000F\000r\000e\000e\000R\000T\000O\000S\000-\000P\000l\000u\000s\000-\000F\000A\000T}{section.5}% 24
\BOOKMARK [2][-]{subsection.5.2}{\376\377\000R\000T\000-\000T\000h\000r\000e\000a\000d\000/\000D\000F\000S}{section.5}% 25
\BOOKMARK [2][-]{subsection.5.3}{\376\377\166\370\121\163\135\345\117\134\116\214}{section.5}% 26
\BOOKMARK [2][-]{subsection.5.4}{\376\377\166\370\121\163\135\345\117\134\116\011}{section.5}% 27
\BOOKMARK [2][-]{subsection.5.5}{\376\377\166\370\121\163\135\345\117\134\126\333}{section.5}% 28
\BOOKMARK [2][-]{subsection.5.6}{\376\377\166\370\121\163\135\345\117\134\116\224}{section.5}% 29
\BOOKMARK [1][-]{section.6}{\376\377\123\302\200\003\215\104\145\231}{}% 30
